<?xml version='1.0' encoding='UTF-8'?>
<testsuites>
  <testsuite name="sample_labels" package_name="bzt">
    <testcase classname="bzt-8775286437916" name="jmeter_add_comment:open_comment"/>
    <testcase classname="bzt-8775286437916" name="jmeter_add_comment:save_comment"/>
    <testcase classname="bzt-8775286437916" name="jmeter_browse_boards"/>
    <testcase classname="bzt-8775286437916" name="jmeter_browse_projects"/>
    <testcase classname="bzt-8775286437916" name="jmeter_create_issue:fill_and_submit_issue_form"/>
    <testcase classname="bzt-8775286437916" name="jmeter_create_issue:open_quick_create"/>
    <testcase classname="bzt-8775286437916" name="jmeter_edit_issue:open_editor"/>
    <testcase classname="bzt-8775286437916" name="jmeter_edit_issue:save_edit"/>
    <testcase classname="bzt-8775286437916" name="jmeter_login_and_view_dashboard"/>
    <testcase classname="bzt-8775286437916" name="jmeter_search_jql"/>
    <testcase classname="bzt-8775286437916" name="jmeter_view_backlog"/>
    <testcase classname="bzt-8775286437916" name="jmeter_view_dashboard"/>
    <testcase classname="bzt-8775286437916" name="jmeter_view_issue"/>
    <testcase classname="bzt-8775286437916" name="jmeter_view_kanban_board"/>
    <testcase classname="bzt-8775286437916" name="jmeter_view_project_summary"/>
    <testcase classname="bzt-8775286437916" name="jmeter_view_scrum_board"/>
    <testcase classname="bzt-8775286437916" name="selenium_a_login"/>
    <testcase classname="bzt-8775286437916" name="selenium_browse_boards_list"/>
    <testcase classname="bzt-8775286437916" name="selenium_browse_projects_list"/>
    <testcase classname="bzt-8775286437916" name="selenium_create_issue">
      <error message="Exception: ('Failed measure: selenium_create_issue - Exception', Exception('Failed measure: selenium_create_issue:fill_and_submit_issue_form - JavascriptException', JavascriptException(&quot;javascript error: Failed to execute 'elementsFromPoint' on 'Document': The provided double value is non-finite.\n  (Session info: headless chrome=88.0.4324.96)&quot;, None, None)))" type="Error">Exception: ('Failed measure: selenium_create_issue - Exception', Exception('Failed measure: selenium_create_issue:fill_and_submit_issue_form - JavascriptException', JavascriptException("javascript error: Failed to execute 'elementsFromPoint' on 'Document': The provided double value is non-finite.\n  (Session info: headless chrome=88.0.4324.96)", None, None)))
(status code is 400)
(total errors of this type: 1)</error>
    </testcase>
    <testcase classname="bzt-8775286437916" name="selenium_custom_action">
      <error message="Exception: ('Failed measure: selenium_app_custom_action - Exception', Exception('Failed measure: selenium_app_custom_action:view_issue - NameError', NameError(&quot;free variable 'issue_key' referenced before assignment in enclosing scope&quot;)))" type="Error">Exception: ('Failed measure: selenium_app_custom_action - Exception', Exception('Failed measure: selenium_app_custom_action:view_issue - NameError', NameError("free variable 'issue_key' referenced before assignment in enclosing scope")))
(status code is 400)
(total errors of this type: 211)</error>
    </testcase>
    <testcase classname="bzt-8775286437916" name="selenium_edit_issue"/>
    <testcase classname="bzt-8775286437916" name="selenium_save_comment"/>
    <testcase classname="bzt-8775286437916" name="selenium_search_jql"/>
    <testcase classname="bzt-8775286437916" name="selenium_view_backlog_for_scrum_board"/>
    <testcase classname="bzt-8775286437916" name="selenium_view_dashboard"/>
    <testcase classname="bzt-8775286437916" name="selenium_view_issue"/>
    <testcase classname="bzt-8775286437916" name="selenium_view_kanban_board"/>
    <testcase classname="bzt-8775286437916" name="selenium_view_project_summary"/>
    <testcase classname="bzt-8775286437916" name="selenium_view_scrum_board"/>
    <testcase classname="bzt-8775286437916" name="selenium_z_log_out"/>
  </testsuite>
</testsuites>
